<?xml version="1.0" encoding="UTF-8"?>
<testsuite name="左侧边栏查询"
           tests="3"
           failures="1"
           errors="0"
           skipped="0"
           time="0.900">
  <properties />
            <testcase name="run" time="0.898" classname="com.paic.layer.frame.testcase.LayerServiceCase">
                <failure type="java.lang.RuntimeException"
                  message="Interface layer &gt;&gt; run failure, assert：{&quot;code&quot;:&quot;success&quot;,&quot;result&quot;:[{&quot;accounts&quot;:[{&quot;code&quot;:3,&quot;currencyAccounts&quot;:[{&quot;amount&quot;:&quot;¥-5,817.71&quot;,&quot;currency&quot;:&quot;156&quot;}],&quot;type&quot;:&quot;信&quot;,&quot;mediums&quot;:[&quot;8358&quot;]},{&quot;code&quot;:3,&quot;currencyAccounts&quot;:[{&quot;amount&quot;:&quot;¥-5,170.61&quot;,&quot;currency&quot;:&quot;156&quot;}],&quot;type&quot;:&quot;信&quot;,&quot;mediums&quot;:[&quot;5692&quot;]}]},{&quot;organizationId&quot;:&quot;1&quot;,&quot;accounts&quot;:[{&quot;code&quot;:1,&quot;currencyAccounts&quot;:[{&quot;amount&quot;:&quot;¥12,067.50&quot;,&quot;currency&quot;:&quot;156&quot;}],&quot;type&quot;:&quot;储&quot;,&quot;mediums&quot;:[&quot;6828&quot;]},{&quot;code&quot;:1,&quot;currencyAccounts&quot;:[{&quot;amount&quot;:&quot;¥541.42&quot;,&quot;currency&quot;:&quot;156&quot;}],&quot;type&quot;:&quot;储&quot;,&quot;mediums&quot;:[&quot;1193&quot;]}]}]} is not matched! url = https://servicebeta.24money.com/default/bank.account.getAll"
              >
<![CDATA[java.lang.RuntimeException: Interface layer >> run failure, assert：{"code":"success","result":[{"accounts":[{"code":3,"currencyAccounts":[{"amount":"¥-5,817.71","currency":"156"}],"type":"信","mediums":["8358"]},{"code":3,"currencyAccounts":[{"amount":"¥-5,170.61","currency":"156"}],"type":"信","mediums":["5692"]}]},{"organizationId":"1","accounts":[{"code":1,"currencyAccounts":[{"amount":"¥12,067.50","currency":"156"}],"type":"储","mediums":["6828"]},{"code":1,"currencyAccounts":[{"amount":"¥541.42","currency":"156"}],"type":"储","mediums":["1193"]}]}]} is not matched! url = https://servicebeta.24money.com/default/bank.account.getAll
  com.paic.layer.frame.assertion.Assertions.exitOnAssertionError(Assertions.java:112)
  com.paic.layer.frame.assertion.Assertions.handleOnAssertError(Assertions.java:141)
  com.paic.layer.frame.assertion.Assertions.assertTrue(Assertions.java:157)
  com.paic.layer.frame.testcase.LayerServiceCase.caseParse(LayerServiceCase.java:424)
  com.paic.layer.frame.testcase.LayerServiceCase.serviceCase(LayerServiceCase.java:458)
  com.paic.layer.frame.testcase.LayerServiceCase.run(LayerServiceCase.java:470)
  sun.reflect.NativeMethodAccessorImpl.invoke0(Native Method)
  sun.reflect.NativeMethodAccessorImpl.invoke(NativeMethodAccessorImpl.java:62)
  sun.reflect.DelegatingMethodAccessorImpl.invoke(DelegatingMethodAccessorImpl.java:43)
  java.lang.reflect.Method.invoke(Method.java:497)
  org.testng.internal.MethodInvocationHelper.invokeMethod(MethodInvocationHelper.java:80)
  org.testng.internal.InvokeMethodRunnable.runOne(InvokeMethodRunnable.java:46)
  org.testng.internal.InvokeMethodRunnable.run(InvokeMethodRunnable.java:37)
  java.util.concurrent.Executors$RunnableAdapter.call(Executors.java:511)
  java.util.concurrent.FutureTask.run(FutureTask.java:266)
  java.util.concurrent.ThreadPoolExecutor.runWorker(ThreadPoolExecutor.java:1142)
  java.util.concurrent.ThreadPoolExecutor$Worker.run(ThreadPoolExecutor.java:617)
  java.lang.Thread.run(Thread.java:745)
]]>
      </failure>

          </testcase>
  
  
            <testcase name="loadData" time="0.000" classname="com.paic.layer.frame.testcase.LayerServiceCase" />
                <testcase name="setParameters" time="0.002" classname="com.paic.layer.frame.testcase.LayerServiceCase" />
      
</testsuite>
